<?xml version="1.0" encoding="UTF-8"?>
<!-- Generated by org.testng.reporters.JUnitXMLReporter -->
<testsuite hostname="PC48363" name="Command line test" tests="12" failures="0" timestamp="30 Jan 2021 00:39:33 GMT" time="30.723" errors="0">
  <testcase name="tc_Search_1" time="0.789" classname="testcase.TestSearch"/>
  <testcase name="tc_Search_2" time="3.413" classname="testcase.TestSearch"/>
  <testcase name="tc_Search_3" time="1.194" classname="testcase.TestSearch"/>
  <testcase name="tc_Search_4" time="3.168" classname="testcase.TestSearch"/>
  <testcase name="tc_Search_5" time="3.407" classname="testcase.TestSearch"/>
  <testcase name="tc_Search_6" time="0.778" classname="testcase.TestSearch"/>
  <testcase name="tc_Search_7" time="0.028" classname="testcase.TestSearch"/>
  <testcase name="tc_Search_8" time="2.304" classname="testcase.TestSearch"/>
  <testcase name="tc_Search_9" time="2.258" classname="testcase.TestSearch"/>
  <testcase name="tc_Search_10" time="3.763" classname="testcase.TestSearch"/>
  <testcase name="tc_Search_11" time="3.214" classname="testcase.TestSearch"/>
  <testcase name="tc_Search_12" time="0.792" classname="testcase.TestSearch"/>
</testsuite> <!-- Command line test -->
