<?xml version="1.0" encoding="UTF-8"?>
<testng-results skipped="0" failed="0" total="12" passed="12">
  <reporter-output>
  </reporter-output>
  <suite name="Command line suite" duration-ms="30723" started-at="2021-01-30T00:39:02Z" finished-at="2021-01-30T00:39:33Z">
    <groups>
    </groups>
    <test name="Command line test" duration-ms="30723" started-at="2021-01-30T00:39:02Z" finished-at="2021-01-30T00:39:33Z">
      <class name="testcase.TestSearch">
        <test-method status="PASS" signature="setup()[pri:0, instance:testcase.TestSearch@67b64c45]" name="setup" is-config="true" duration-ms="5314" started-at="2021-01-30T01:39:02Z" finished-at="2021-01-30T01:39:08Z">
          <reporter-output>
          </reporter-output>
        </test-method> <!-- setup -->
        <test-method status="PASS" signature="tc_Search_1()[pri:0, instance:testcase.TestSearch@67b64c45]" name="tc_Search_1" duration-ms="789" started-at="2021-01-30T01:39:08Z" finished-at="2021-01-30T01:39:08Z">
          <reporter-output>
          </reporter-output>
        </test-method> <!-- tc_Search_1 -->
        <test-method status="PASS" signature="tc_Search_2()[pri:0, instance:testcase.TestSearch@67b64c45]" name="tc_Search_2" duration-ms="3413" started-at="2021-01-30T01:39:08Z" finished-at="2021-01-30T01:39:12Z">
          <reporter-output>
          </reporter-output>
        </test-method> <!-- tc_Search_2 -->
        <test-method status="PASS" signature="tc_Search_3()[pri:0, instance:testcase.TestSearch@67b64c45]" name="tc_Search_3" duration-ms="1194" started-at="2021-01-30T01:39:12Z" finished-at="2021-01-30T01:39:13Z">
          <reporter-output>
          </reporter-output>
        </test-method> <!-- tc_Search_3 -->
        <test-method status="PASS" signature="tc_Search_4()[pri:0, instance:testcase.TestSearch@67b64c45]" name="tc_Search_4" duration-ms="3168" started-at="2021-01-30T01:39:13Z" finished-at="2021-01-30T01:39:16Z">
          <reporter-output>
          </reporter-output>
        </test-method> <!-- tc_Search_4 -->
        <test-method status="PASS" signature="tc_Search_5()[pri:0, instance:testcase.TestSearch@67b64c45]" name="tc_Search_5" duration-ms="3407" started-at="2021-01-30T01:39:16Z" finished-at="2021-01-30T01:39:20Z">
          <reporter-output>
          </reporter-output>
        </test-method> <!-- tc_Search_5 -->
        <test-method status="PASS" signature="tc_Search_6()[pri:0, instance:testcase.TestSearch@67b64c45]" name="tc_Search_6" duration-ms="778" started-at="2021-01-30T01:39:20Z" finished-at="2021-01-30T01:39:20Z">
          <reporter-output>
          </reporter-output>
        </test-method> <!-- tc_Search_6 -->
        <test-method status="PASS" signature="tc_Search_7()[pri:0, instance:testcase.TestSearch@67b64c45]" name="tc_Search_7" duration-ms="28" started-at="2021-01-30T01:39:20Z" finished-at="2021-01-30T01:39:20Z">
          <reporter-output>
          </reporter-output>
        </test-method> <!-- tc_Search_7 -->
        <test-method status="PASS" signature="tc_Search_8()[pri:0, instance:testcase.TestSearch@67b64c45]" name="tc_Search_8" duration-ms="2304" started-at="2021-01-30T01:39:20Z" finished-at="2021-01-30T01:39:23Z">
          <reporter-output>
          </reporter-output>
        </test-method> <!-- tc_Search_8 -->
        <test-method status="PASS" signature="tc_Search_9()[pri:0, instance:testcase.TestSearch@67b64c45]" name="tc_Search_9" duration-ms="2258" started-at="2021-01-30T01:39:23Z" finished-at="2021-01-30T01:39:25Z">
          <reporter-output>
          </reporter-output>
        </test-method> <!-- tc_Search_9 -->
        <test-method status="PASS" signature="tc_Search_10()[pri:0, instance:testcase.TestSearch@67b64c45]" name="tc_Search_10" duration-ms="3763" started-at="2021-01-30T01:39:25Z" finished-at="2021-01-30T01:39:29Z">
          <reporter-output>
          </reporter-output>
        </test-method> <!-- tc_Search_10 -->
        <test-method status="PASS" signature="tc_Search_11()[pri:0, instance:testcase.TestSearch@67b64c45]" name="tc_Search_11" duration-ms="3214" started-at="2021-01-30T01:39:29Z" finished-at="2021-01-30T01:39:32Z">
          <reporter-output>
          </reporter-output>
        </test-method> <!-- tc_Search_11 -->
        <test-method status="PASS" signature="tc_Search_12()[pri:0, instance:testcase.TestSearch@67b64c45]" name="tc_Search_12" duration-ms="792" started-at="2021-01-30T01:39:32Z" finished-at="2021-01-30T01:39:33Z">
          <reporter-output>
          </reporter-output>
        </test-method> <!-- tc_Search_12 -->
        <test-method status="PASS" signature="afterClass()[pri:0, instance:testcase.TestSearch@67b64c45]" name="afterClass" is-config="true" duration-ms="286" started-at="2021-01-30T01:39:33Z" finished-at="2021-01-30T01:39:33Z">
          <reporter-output>
          </reporter-output>
        </test-method> <!-- afterClass -->
      </class> <!-- testcase.TestSearch -->
    </test> <!-- Command line test -->
  </suite> <!-- Command line suite -->
</testng-results>
